\BOOKMARK [1][-]{section.1}{Terminologies}{}% 1
\BOOKMARK [1][-]{section.2}{Introduction}{}% 2
\BOOKMARK [2][-]{subsection.2.1}{Motivation}{section.2}% 3
\BOOKMARK [2][-]{subsection.2.2}{Questions}{section.2}% 4
\BOOKMARK [2][-]{subsection.2.3}{Problem Description}{section.2}% 5
\BOOKMARK [2][-]{subsection.2.4}{Limitations}{section.2}% 6
\BOOKMARK [1][-]{section.3}{Data Wrangling}{}% 7
\BOOKMARK [2][-]{subsection.3.1}{Data Description}{section.3}% 8
\BOOKMARK [3][-]{subsubsection.3.1.1}{A snapshot of data}{subsection.3.1}% 9
\BOOKMARK [3][-]{subsubsection.3.1.2}{Formatted Data Output}{subsection.3.1}% 10
\BOOKMARK [2][-]{subsection.3.2}{Wrangling Tools}{section.3}% 11
\BOOKMARK [2][-]{subsection.3.3}{Text Data Processing}{section.3}% 12
\BOOKMARK [2][-]{subsection.3.4}{Text Analysis}{section.3}% 13
\BOOKMARK [1][-]{section.4}{Data Checking}{}% 14
\BOOKMARK [2][-]{subsection.4.1}{Data Distribution with Histogram}{section.4}% 15
\BOOKMARK [1][-]{section.5}{Data Exploration}{}% 16
\BOOKMARK [2][-]{subsection.5.1}{What are the top 10 highest reviews?}{section.5}% 17
\BOOKMARK [2][-]{subsection.5.2}{Are people happy to buy those items?}{section.5}% 18
\BOOKMARK [3][-]{subsubsection.5.2.1}{What did they talk about those products?}{subsection.5.2}% 19
\BOOKMARK [3][-]{subsubsection.5.2.2}{What is the average rating against reviews?}{subsection.5.2}% 20
\BOOKMARK [2][-]{subsection.5.3}{What the relationship looks like between items?}{section.5}% 21
\BOOKMARK [1][-]{section.6}{Conclusion}{}% 22
\BOOKMARK [1][-]{section.7}{References}{}% 23
